<?xml version="1.0" encoding="UTF-8"?>
<!-- Generated by org.testng.reporters.JUnitReportReporter -->
<testsuite skipped="0" hostname="DESKTOP-LTL258K" name="pkg1.LaunchGoogle" tests="1" failures="0" timestamp="16 Aug 2018 11:07:17 GMT" time="9.759" errors="0">
  <testcase name="launchgoogle" time="9.759" classname="pkg1.LaunchGoogle"/>
</testsuite> <!-- pkg1.LaunchGoogle -->
